# JRE version: OpenJDK Runtime Environment (8.0_212-b04) (build 1.8.0_212-b04)
# Java VM: OpenJDK 64-Bit Server VM (25.212-b04 mixed mode bsd-amd64 compressed oops)
Heap:
 garbage-first heap   total 264192K, used 128701K [0x0000000780000000, 0x0000000780100810, 0x00000007c0000000)
  region size 1024K, 10 young (10240K), 2 survivors (2048K)
 Metaspace       used 82606K, capacity 92933K, committed 93028K, reserved 1130496K
  class space    used 9831K, capacity 12593K, committed 12644K, reserved 1048576K
GC Heap History (10 events):
Event: 11.378 GC heap before
{Heap before GC invocations=23 (full 0):
 garbage-first heap   total 264192K, used 121856K [0x0000000780000000, 0x0000000780100810, 0x00000007c0000000)
  region size 1024K, 19 young (19456K), 18 survivors (18432K)
 Metaspace       used 58977K, capacity 66499K, committed 66688K, reserved 1107968K
  class space    used 6885K, capacity 9066K, committed 9088K, reserved 1048576K
Event: 11.412 GC heap after
Heap after GC invocations=24 (full 0):
 garbage-first heap   total 264192K, used 109055K [0x0000000780000000, 0x0000000780100810, 0x00000007c0000000)
  region size 1024K, 1 young (1024K), 1 survivors (1024K)
 Metaspace       used 58977K, capacity 66499K, committed 66688K, reserved 1107968K
  class space    used 6885K, capacity 9066K, committed 9088K, reserved 1048576K
}
Event: 11.564 GC heap before
{Heap before GC invocations=24 (full 0):
 garbage-first heap   total 264192K, used 121343K [0x0000000780000000, 0x0000000780100810, 0x00000007c0000000)
  region size 1024K, 14 young (14336K), 1 survivors (1024K)
 Metaspace       used 60119K, capacity 67741K, committed 67840K, reserved 1107968K
  class space    used 7000K, capacity 9205K, committed 9216K, reserved 1048576K
Event: 11.571 GC heap after
Heap after GC invocations=25 (full 0):
 garbage-first heap   total 264192K, used 114138K [0x0000000780000000, 0x0000000780100810, 0x00000007c0000000)
  region size 1024K, 6 young (6144K), 6 survivors (6144K)
 Metaspace       used 60119K, capacity 67741K, committed 67840K, reserved 1107968K
  class space    used 7000K, capacity 9205K, committed 9216K, reserved 1048576K
}
Event: 15.365 GC heap before
{Heap before GC invocations=26 (full 0):
 garbage-first heap   total 264192K, used 199130K [0x0000000780000000, 0x0000000780100810, 0x00000007c0000000)
  region size 1024K, 112 young (114688K), 6 survivors (6144K)
 Metaspace       used 68900K, capacity 77505K, committed 77668K, reserved 1116160K
  class space    used 8092K, capacity 10534K, committed 10596K, reserved 1048576K
Event: 15.381 GC heap after
Heap after GC invocations=27 (full 0):
 garbage-first heap   total 264192K, used 114688K [0x0000000780000000, 0x0000000780100810, 0x00000007c0000000)
  region size 1024K, 14 young (14336K), 14 survivors (14336K)
 Metaspace       used 68900K, capacity 77505K, committed 77668K, reserved 1116160K
  class space    used 8092K, capacity 10534K, committed 10596K, reserved 1048576K
}
Event: 309.040 GC heap before
{Heap before GC invocations=28 (full 0):
 garbage-first heap   total 264192K, used 227417K [0x0000000780000000, 0x0000000780100810, 0x00000007c0000000)
  region size 1024K, 120 young (122880K), 14 survivors (14336K)
 Metaspace       used 82271K, capacity 92541K, committed 92772K, reserved 1130496K
  class space    used 9822K, capacity 12589K, committed 12644K, reserved 1048576K
Event: 309.084 GC heap after
Heap after GC invocations=29 (full 0):
 garbage-first heap   total 264192K, used 130237K [0x0000000780000000, 0x0000000780100810, 0x00000007c0000000)
  region size 1024K, 15 young (15360K), 15 survivors (15360K)
 Metaspace       used 82271K, capacity 92541K, committed 92772K, reserved 1130496K
  class space    used 9822K, capacity 12589K, committed 12644K, reserved 1048576K
}
Event: 309.101 GC heap before
{Heap before GC invocations=29 (full 0):
 garbage-first heap   total 264192K, used 131261K [0x0000000780000000, 0x0000000780100810, 0x00000007c0000000)
  region size 1024K, 16 young (16384K), 15 survivors (15360K)
 Metaspace       used 82292K, capacity 92541K, committed 92772K, reserved 1130496K
  class space    used 9822K, capacity 12589K, committed 12644K, reserved 1048576K
Event: 309.126 GC heap after
Heap after GC invocations=30 (full 0):
 garbage-first heap   total 264192K, used 121533K [0x0000000780000000, 0x0000000780100810, 0x00000007c0000000)
  region size 1024K, 2 young (2048K), 2 survivors (2048K)
 Metaspace       used 82292K, capacity 92541K, committed 92772K, reserved 1130496K
  class space    used 9822K, capacity 12589K, committed 12644K, reserved 1048576K
}

